Omega_m: 	0.3
Omega_b: 	0.0459
Omega_k: 	0
T_gamma: 	2.72548 K
Omega_r: 	8.5373269e-05
h: 	0.7
z_init: 	10000
rho_c: 	3.9672629e-11 (eV)^4
DH: 	4282.7494 Mpc

Running Quintessence model with mass potential. Mass = 1

Columns in data file are as follows.
time, a, redshift, H, Hdot, phi, phidot, phiddot, Omega_m, Omega_r, Omega_k, Omega_Q, w_total, rho_Q/rho_c, P_Q/rho_c, w_Q, Error

Evolution complete in 74.97 milliseconds.
Columns in post-processed data file are as follows. DC, DM, DA and DL are all in Mpc.
redshift, H, DC, DM, DA, DL, mu

Sound horizon scale at recombination: 143.19901 Mpc

Acoustic scale: l_A = 331.25077
Shift parameter: R = 1.9310122
Redshift of CMB: z_CMB = 1092.0733

WMAP Distance Posterior chi^2 = 3185.0972
Planck Distance Posterior chi^2 = 35215.681

SN1a chi^2 = 24024.6 (computed from 580 data points)

