# Cosmological parameters
OmegaMh2 = 0.14305
OmegaBh2 = 0.022032
OmegaKh2 = 0
OmegaRh2 = 4.1832902e-05
Tgamma = 2.72548
zinit = 10000
Neff = 3.046

# Running LambdaCDM model.
OmegaLambdah2 = 0.33388094
Model = LambdaCDM

# Beginning run
# Columns in data file are as follows:
# time, a, redshift, H, Hdot, phi, phidot, phiddot, Omega_m, Omega_r, Omega_k, Omega_Q, w_total, rho_Q/rho_c, P_Q/rho_c, w_Q, Error

# Values from evolution of model are as follows:
modelh = 0.69063216
modelOmegaR = 8.770501e-05
modelOmegaM = 0.2999123
modelOmegaB = 0.046191316
modelOmegaK = 0
modelOmegaLambda = 0.7

# Evolution complete in 5.884 milliseconds.

